\BOOKMARK [0][-]{chapter.1}{\376\377\0001\000\040\004\030\004\065\004\100\004\060\004\100\004\105\004\070\004\107\004\065\004\101\004\072\004\070\004\071\000\040\004\101\004\077\004\070\004\101\004\076\004\072\000\040\004\072\004\073\004\060\004\101\004\101\004\076\004\062}{}% 1
\BOOKMARK [1][-]{section.1.1}{\376\377\0001\000.\0001\000\040\004\030\004\065\004\100\004\060\004\100\004\105\004\070\004\117\000\040\004\072\004\073\004\060\004\101\004\101\004\076\004\062}{chapter.1}% 2
\BOOKMARK [0][-]{chapter.2}{\376\377\0002\000\040\004\020\004\073\004\104\004\060\004\062\004\070\004\102\004\075\004\113\004\071\000\040\004\103\004\072\004\060\004\067\004\060\004\102\004\065\004\073\004\114\000\040\004\072\004\073\004\060\004\101\004\101\004\076\004\062}{}% 3
\BOOKMARK [1][-]{section.2.1}{\376\377\0002\000.\0001\000\040\004\032\004\073\004\060\004\101\004\101\004\113}{chapter.2}% 4
\BOOKMARK [0][-]{chapter.3}{\376\377\0003\000\040\004\041\004\077\004\070\004\101\004\076\004\072\000\040\004\104\004\060\004\071\004\073\004\076\004\062}{}% 5
\BOOKMARK [1][-]{section.3.1}{\376\377\0003\000.\0001\000\040\004\044\004\060\004\071\004\073\004\113}{chapter.3}% 6
\BOOKMARK [0][-]{chapter.4}{\376\377\0004\000\040\004\032\004\073\004\060\004\101\004\101\004\113}{}% 7
\BOOKMARK [1][-]{section.4.1}{\376\377\0004\000.\0001\000\040\004\032\004\073\004\060\004\101\004\101\000\040\000C\000l\000i\000e\000n\000t}{chapter.4}% 8
\BOOKMARK [2][-]{subsection.4.1.1}{\376\377\0004\000.\0001\000.\0001\000\040\004\037\004\076\004\064\004\100\004\076\004\061\004\075\004\076\004\065\000\040\004\076\004\077\004\070\004\101\004\060\004\075\004\070\004\065}{section.4.1}% 9
\BOOKMARK [2][-]{subsection.4.1.2}{\376\377\0004\000.\0001\000.\0002\000\040\004\034\004\065\004\102\004\076\004\064\004\113}{section.4.1}% 10
\BOOKMARK [3][-]{subsubsection.4.1.2.1}{\376\377\0004\000.\0001\000.\0002\000.\0001\000\040\000S\000e\000r\000v\000e\000r\000\050\000\051}{subsection.4.1.2}% 11
\BOOKMARK [1][-]{section.4.2}{\376\377\0004\000.\0002\000\040\004\032\004\073\004\060\004\101\004\101\000\040\000c\000l\000i\000e\000n\000t\000\137\000e\000r\000r\000o\000r}{chapter.4}% 12
\BOOKMARK [2][-]{subsection.4.2.1}{\376\377\0004\000.\0002\000.\0001\000\040\004\037\004\076\004\064\004\100\004\076\004\061\004\075\004\076\004\065\000\040\004\076\004\077\004\070\004\101\004\060\004\075\004\070\004\065}{section.4.2}% 13
\BOOKMARK [1][-]{section.4.3}{\376\377\0004\000.\0003\000\040\004\041\004\102\004\100\004\103\004\072\004\102\004\103\004\100\004\060\000\040\000C\000o\000n\000s\000\137\000f\000i\000x}{chapter.4}% 14
\BOOKMARK [0][-]{chapter.5}{\376\377\0005\000\040\004\044\004\060\004\071\004\073\004\113}{}% 15
\BOOKMARK [1][-]{section.5.1}{\376\377\0005\000.\0001\000\040\004\044\004\060\004\071\004\073\000\040\000c\000l\000i\000e\000n\000t\000.\000c\000p\000p}{chapter.5}% 16
\BOOKMARK [2][-]{subsection.5.1.1}{\376\377\0005\000.\0001\000.\0001\000\040\004\037\004\076\004\064\004\100\004\076\004\061\004\075\004\076\004\065\000\040\004\076\004\077\004\070\004\101\004\060\004\075\004\070\004\065}{section.5.1}% 17
\BOOKMARK [1][-]{section.5.2}{\376\377\0005\000.\0002\000\040\004\044\004\060\004\071\004\073\000\040\000c\000l\000i\000e\000n\000t\000.\000h}{chapter.5}% 18
\BOOKMARK [2][-]{subsection.5.2.1}{\376\377\0005\000.\0002\000.\0001\000\040\004\037\004\076\004\064\004\100\004\076\004\061\004\075\004\076\004\065\000\040\004\076\004\077\004\070\004\101\004\060\004\075\004\070\004\065}{section.5.2}% 19
\BOOKMARK [1][-]{section.5.3}{\376\377\0005\000.\0003\000\040\004\044\004\060\004\071\004\073\000\040\000m\000a\000i\000n\000.\000c\000p\000p}{chapter.5}% 20
\BOOKMARK [2][-]{subsection.5.3.1}{\376\377\0005\000.\0003\000.\0001\000\040\004\037\004\076\004\064\004\100\004\076\004\061\004\075\004\076\004\065\000\040\004\076\004\077\004\070\004\101\004\060\004\075\004\070\004\065}{section.5.3}% 21
\BOOKMARK [1][-]{section.5.4}{\376\377\0005\000.\0004\000\040\004\044\004\060\004\071\004\073\000\040\000m\000d\0005\000.\000c\000p\000p}{chapter.5}% 22
\BOOKMARK [2][-]{subsection.5.4.1}{\376\377\0005\000.\0004\000.\0001\000\040\004\037\004\076\004\064\004\100\004\076\004\061\004\075\004\076\004\065\000\040\004\076\004\077\004\070\004\101\004\060\004\075\004\070\004\065}{section.5.4}% 23
\BOOKMARK [2][-]{subsection.5.4.2}{\376\377\0005\000.\0004\000.\0002\000\040\004\044\004\103\004\075\004\072\004\106\004\070\004\070}{section.5.4}% 24
\BOOKMARK [3][-]{subsubsection.5.4.2.1}{\376\377\0005\000.\0004\000.\0002\000.\0001\000\040\000M\000D\0005\000\137\000h\000a\000s\000h\000\050\000\051}{subsection.5.4.2}% 25
\BOOKMARK [1][-]{section.5.5}{\376\377\0005\000.\0005\000\040\004\044\004\060\004\071\004\073\000\040\000m\000d\0005\000.\000h}{chapter.5}% 26
\BOOKMARK [2][-]{subsection.5.5.1}{\376\377\0005\000.\0005\000.\0001\000\040\004\037\004\076\004\064\004\100\004\076\004\061\004\075\004\076\004\065\000\040\004\076\004\077\004\070\004\101\004\060\004\075\004\070\004\065}{section.5.5}% 27
\BOOKMARK [2][-]{subsection.5.5.2}{\376\377\0005\000.\0005\000.\0002\000\040\004\044\004\103\004\075\004\072\004\106\004\070\004\070}{section.5.5}% 28
\BOOKMARK [3][-]{subsubsection.5.5.2.1}{\376\377\0005\000.\0005\000.\0002\000.\0001\000\040\000M\000D\0005\000\137\000h\000a\000s\000h\000\050\000\051}{subsection.5.5.2}% 29
\BOOKMARK [0][-]{section*.21}{\376\377\004\037\004\100\004\065\004\064\004\074\004\065\004\102\004\075\004\113\004\071\000\040\004\103\004\072\004\060\004\067\004\060\004\102\004\065\004\073\004\114}{}% 30
